Arguments: 
  D:\program\progsoft\nodejs\node.exe D:\program\progsoft\nodejs\node_modules\yarn\bin\yarn.js i

PATH: 
  C:\Program Files (x86)\Common Files\Oracle\Java\javapath;C:\Windows\system32;C:\Windows;C:\Windows\System32\Wbem;C:\Windows\System32\WindowsPowerShell\v1.0\;C:\Windows\System32\OpenSSH\;C:\Program Files (x86)\NVIDIA Corporation\PhysX\Common;C:\Program Files\NVIDIA Corporation\NVIDIA NvDLISR;D:\program\progsoft\Git\cmd;D:\program\progsoft\Matlab2020a\runtime\win64;D:\program\progsoft\Matlab2020a\bin;D:\program\progsoft\Matlab2020a\polyspace\bin;C:\Windows\System32\Wbem;D:\program\progsoft\Java\jdk1.8.0_321\bin;D:\program\progsoft\Java\jdk1.8.0_321\jre\bin;D:\program\progsoft\nvm;D:\program\progsoft\nodejs;C:\Program Files\dotnet\;C:\Users\86156\AppData\Local\Microsoft\WindowsApps;D:\program\progsoft\Microsoft VS Code\bin;C:\Windows\System32\Wbem;D:\program\progsoft\nvm;D:\program\progsoft\nodejs

Yarn version: 
  1.22.19

Node version: 
  16.18.0

Platform: 
  win32 x64

Trace: 
  SyntaxError: D:\code\Vue3_Project\vitepress-blog\package.json: Unexpected token } in JSON at position 398
      at JSON.parse (<anonymous>)
      at D:\program\progsoft\nvm\v16.18.0\node_modules\yarn\lib\cli.js:1629:59
      at Generator.next (<anonymous>)
      at step (D:\program\progsoft\nvm\v16.18.0\node_modules\yarn\lib\cli.js:310:30)
      at D:\program\progsoft\nvm\v16.18.0\node_modules\yarn\lib\cli.js:321:13

npm manifest: 
  {
    "name": "ham-blog",
    "version": "1.0.0",
    "description": "personal blog",
    "main": "index.js",
    "license": "MIT",
    "scripts": {
      "docs:dev": "vitepress dev docs",
      "docs:build": "vitepress build docs",
      "docs:serve": "vitepress serve docs"
    },
    "devDependencies": {
      "vitepress": "^1.0.0-alpha.65",
      "vue": "^3.2.47"
    },
    "dependencies": {
      "minisearch": "^6.0.1",
    }
  }

yarn manifest: 
  No manifest

Lockfile: 
  # THIS IS AN AUTOGENERATED FILE. DO NOT EDIT THIS FILE DIRECTLY.
  # yarn lockfile v1
  
  
  "@algolia/autocomplete-core@1.7.4":
    "integrity" "sha512-daoLpQ3ps/VTMRZDEBfU8ixXd+amZcNJ4QSP3IERGyzqnL5Ch8uSRFt/4G8pUvW9c3o6GA4vtVv4I4lmnkdXyg=="
    "resolved" "https://registry.npmmirror.com/@algolia/autocomplete-core/-/autocomplete-core-1.7.4.tgz"
    "version" "1.7.4"
    dependencies:
      "@algolia/autocomplete-shared" "1.7.4"
  
  "@algolia/autocomplete-preset-algolia@1.7.4":
    "integrity" "sha512-s37hrvLEIfcmKY8VU9LsAXgm2yfmkdHT3DnA3SgHaY93yjZ2qL57wzb5QweVkYuEBZkT2PIREvRoLXC2sxTbpQ=="
    "resolved" "https://registry.npmmirror.com/@algolia/autocomplete-preset-algolia/-/autocomplete-preset-algolia-1.7.4.tgz"
    "version" "1.7.4"
    dependencies:
      "@algolia/autocomplete-shared" "1.7.4"
  
  "@algolia/autocomplete-shared@1.7.4":
    "integrity" "sha512-2VGCk7I9tA9Ge73Km99+Qg87w0wzW4tgUruvWAn/gfey1ZXgmxZtyIRBebk35R1O8TbK77wujVtCnpsGpRy1kg=="
    "resolved" "https://registry.npmmirror.com/@algolia/autocomplete-shared/-/autocomplete-shared-1.7.4.tgz"
    "version" "1.7.4"
  
  "@algolia/cache-browser-local-storage@4.17.0":
    "integrity" "sha512-myRSRZDIMYB8uCkO+lb40YKiYHi0fjpWRtJpR/dgkaiBlSD0plRyB6lLOh1XIfmMcSeBOqDE7y9m8xZMrXYfyQ=="
    "resolved" "https://registry.npmmirror.com/@algolia/cache-browser-local-storage/-/cache-browser-local-storage-4.17.0.tgz"
    "version" "4.17.0"
    dependencies:
      "@algolia/cache-common" "4.17.0"
  
  "@algolia/cache-common@4.17.0":
    "integrity" "sha512-g8mXzkrcUBIPZaulAuqE7xyHhLAYAcF2xSch7d9dABheybaU3U91LjBX6eJTEB7XVhEsgK4Smi27vWtAJRhIKQ=="
    "resolved" "https://registry.npmmirror.com/@algolia/cache-common/-/cache-common-4.17.0.tgz"
    "version" "4.17.0"
  
  "@algolia/cache-in-memory@4.17.0":
    "integrity" "sha512-PT32ciC/xI8z919d0oknWVu3kMfTlhQn3MKxDln3pkn+yA7F7xrxSALysxquv+MhFfNAcrtQ/oVvQVBAQSHtdw=="
    "resolved" "https://registry.npmmirror.com/@algolia/cache-in-memory/-/cache-in-memory-4.17.0.tgz"
    "version" "4.17.0"
    dependencies:
      "@algolia/cache-common" "4.17.0"
  
  "@algolia/client-account@4.17.0":
    "integrity" "sha512-sSEHx9GA6m7wrlsSMNBGfyzlIfDT2fkz2u7jqfCCd6JEEwmxt8emGmxAU/0qBfbhRSuGvzojoLJlr83BSZAKjA=="
    "resolved" "https://registry.npmmirror.com/@algolia/client-account/-/client-account-4.17.0.tgz"
    "version" "4.17.0"
    dependencies:
      "@algolia/client-common" "4.17.0"
      "@algolia/client-search" "4.17.0"
      "@algolia/transporter" "4.17.0"
  
  "@algolia/client-analytics@4.17.0":
    "integrity" "sha512-84ooP8QA3mQ958hQ9wozk7hFUbAO+81CX1CjAuerxBqjKIInh1fOhXKTaku05O/GHBvcfExpPLIQuSuLYziBXQ=="
    "resolved" "https://registry.npmmirror.com/@algolia/client-analytics/-/client-analytics-4.17.0.tgz"
    "version" "4.17.0"
    dependencies:
      "@algolia/client-common" "4.17.0"
      "@algolia/client-search" "4.17.0"
      "@algolia/requester-common" "4.17.0"
      "@algolia/transporter" "4.17.0"
  
  "@algolia/client-common@4.17.0":
    "integrity" "sha512-jHMks0ZFicf8nRDn6ma8DNNsdwGgP/NKiAAL9z6rS7CymJ7L0+QqTJl3rYxRW7TmBhsUH40wqzmrG6aMIN/DrQ=="
    "resolved" "https://registry.npmmirror.com/@algolia/client-common/-/client-common-4.17.0.tgz"
    "version" "4.17.0"
    dependencies:
      "@algolia/requester-common" "4.17.0"
      "@algolia/transporter" "4.17.0"
  
  "@algolia/client-personalization@4.17.0":
    "integrity" "sha512-RMzN4dZLIta1YuwT7QC9o+OeGz2cU6eTOlGNE/6RcUBLOU3l9tkCOdln5dPE2jp8GZXPl2yk54b2nSs1+pAjqw=="
    "resolved" "https://registry.npmmirror.com/@algolia/client-personalization/-/client-personalization-4.17.0.tgz"
    "version" "4.17.0"
    dependencies:
      "@algolia/client-common" "4.17.0"
      "@algolia/requester-common" "4.17.0"
      "@algolia/transporter" "4.17.0"
  
  "@algolia/client-search@>= 4.9.1 < 6", "@algolia/client-search@4.17.0":
    "integrity" "sha512-x4P2wKrrRIXszT8gb7eWsMHNNHAJs0wE7/uqbufm4tZenAp+hwU/hq5KVsY50v+PfwM0LcDwwn/1DroujsTFoA=="
    "resolved" "https://registry.npmmirror.com/@algolia/client-search/-/client-search-4.17.0.tgz"
    "version" "4.17.0"
    dependencies:
      "@algolia/client-common" "4.17.0"
      "@algolia/requester-common" "4.17.0"
      "@algolia/transporter" "4.17.0"
  
  "@algolia/logger-common@4.17.0":
    "integrity" "sha512-DGuoZqpTmIKJFDeyAJ7M8E/LOenIjWiOsg1XJ1OqAU/eofp49JfqXxbfgctlVZVmDABIyOz8LqEoJ6ZP4DTyvw=="
    "resolved" "https://registry.npmmirror.com/@algolia/logger-common/-/logger-common-4.17.0.tgz"
    "version" "4.17.0"
  
  "@algolia/logger-console@4.17.0":
    "integrity" "sha512-zMPvugQV/gbXUvWBCzihw6m7oxIKp48w37QBIUu/XqQQfxhjoOE9xyfJr1KldUt5FrYOKZJVsJaEjTsu+bIgQg=="
    "resolved" "https://registry.npmmirror.com/@algolia/logger-console/-/logger-console-4.17.0.tgz"
    "version" "4.17.0"
    dependencies:
      "@algolia/logger-common" "4.17.0"
  
  "@algolia/requester-browser-xhr@4.17.0":
    "integrity" "sha512-aSOX/smauyTkP21Pf52pJ1O2LmNFJ5iHRIzEeTh0mwBeADO4GdG94cAWDILFA9rNblq/nK3EDh3+UyHHjplZ1A=="
    "resolved" "https://registry.npmmirror.com/@algolia/requester-browser-xhr/-/requester-browser-xhr-4.17.0.tgz"
    "version" "4.17.0"
    dependencies:
      "@algolia/requester-common" "4.17.0"
  
  "@algolia/requester-common@4.17.0":
    "integrity" "sha512-XJjmWFEUlHu0ijvcHBoixuXfEoiRUdyzQM6YwTuB8usJNIgShua8ouFlRWF8iCeag0vZZiUm4S2WCVBPkdxFgg=="
    "resolved" "https://registry.npmmirror.com/@algolia/requester-common/-/requester-common-4.17.0.tgz"
    "version" "4.17.0"
  
  "@algolia/requester-node-http@4.17.0":
    "integrity" "sha512-bpb/wDA1aC6WxxM8v7TsFspB7yBN3nqCGs2H1OADolQR/hiAIjAxusbuMxVbRFOdaUvAIqioIIkWvZdpYNIn8w=="
    "resolved" "https://registry.npmmirror.com/@algolia/requester-node-http/-/requester-node-http-4.17.0.tgz"
    "version" "4.17.0"
    dependencies:
      "@algolia/requester-common" "4.17.0"
  
  "@algolia/transporter@4.17.0":
    "integrity" "sha512-6xL6H6fe+Fi0AEP3ziSgC+G04RK37iRb4uUUqVAH9WPYFI8g+LYFq6iv5HS8Cbuc5TTut+Bwj6G+dh/asdb9uA=="
    "resolved" "https://registry.npmmirror.com/@algolia/transporter/-/transporter-4.17.0.tgz"
    "version" "4.17.0"
    dependencies:
      "@algolia/cache-common" "4.17.0"
      "@algolia/logger-common" "4.17.0"
      "@algolia/requester-common" "4.17.0"
  
  "@babel/parser@^7.16.4", "@babel/parser@^7.18.4":
    "integrity" "sha512-alVJj7k7zIxqBZ7BTRhz0IqJFxW1VJbm6N8JbcYhQ186df9ZBPbZBmWSqAMXwHGsCJdYks7z/voa3ibiS5bCIw=="
    "resolved" "https://registry.npmmirror.com/@babel/parser/-/parser-7.21.4.tgz"
    "version" "7.21.4"
  
  "@docsearch/css@^3.3.3", "@docsearch/css@3.3.3":
    "integrity" "sha512-6SCwI7P8ao+se1TUsdZ7B4XzL+gqeQZnBc+2EONZlcVa0dVrk0NjETxozFKgMv0eEGH8QzP1fkN+A1rH61l4eg=="
    "resolved" "https://registry.npmmirror.com/@docsearch/css/-/css-3.3.3.tgz"
    "version" "3.3.3"
  
  "@docsearch/js@^3.3.3":
    "integrity" "sha512-2xAv2GFuHzzmG0SSZgf8wHX0qZX8n9Y1ZirKUk5Wrdc+vH9CL837x2hZIUdwcPZI9caBA+/CzxsS68O4waYjUQ=="
    "resolved" "https://registry.npmmirror.com/@docsearch/js/-/js-3.3.3.tgz"
    "version" "3.3.3"
    dependencies:
      "@docsearch/react" "3.3.3"
      "preact" "^10.0.0"
  
  "@docsearch/react@3.3.3":
    "integrity" "sha512-pLa0cxnl+G0FuIDuYlW+EBK6Rw2jwLw9B1RHIeS4N4s2VhsfJ/wzeCi3CWcs5yVfxLd5ZK50t//TMA5e79YT7Q=="
    "resolved" "https://registry.npmmirror.com/@docsearch/react/-/react-3.3.3.tgz"
    "version" "3.3.3"
    dependencies:
      "@algolia/autocomplete-core" "1.7.4"
      "@algolia/autocomplete-preset-algolia" "1.7.4"
      "@docsearch/css" "3.3.3"
      "algoliasearch" "^4.0.0"
  
  "@esbuild/win32-x64@0.17.16":
    "integrity" "sha512-xJ7OH/nanouJO9pf03YsL9NAFQBHd8AqfrQd7Pf5laGyyTt/gToul6QYOA/i5i/q8y9iaM5DQFNTgpi995VkOg=="
    "resolved" "https://registry.npmmirror.com/@esbuild/win32-x64/-/win32-x64-0.17.16.tgz"
    "version" "0.17.16"
  
  "@pixi/accessibility@7.2.4":
    "integrity" "sha512-EVjuqUqv9FeYFXCv0S0qj1hgCtbAMNBPCbOGEtiMogpM++/IySxBZvcOYg3rRgo9inwt2s4Bi7kUiqMPD8hItw=="
    "resolved" "https://registry.npmmirror.com/@pixi/accessibility/-/accessibility-7.2.4.tgz"
    "version" "7.2.4"
  
  "@pixi/app@7.2.4":
    "integrity" "sha512-eJ2jpu5P28ip07nLItw6sETXn45P4KR/leMJ6zPHRlhT1m8t5zTsWr3jK4Uj8LF2E+6KlPNzLQh5Alf/unn/aQ=="
    "resolved" "https://registry.npmmirror.com/@pixi/app/-/app-7.2.4.tgz"
    "version" "7.2.4"
  
  "@pixi/assets@7.2.4":
    "integrity" "sha512-7199re3wvMAlVqXLaCyAr8IkJSXqkeVAxcYyB2rBu4Id5m2hhlGX1dQsdMBiCXLwu6/LLVqDvJggSNVQBzL6ZQ=="
    "resolved" "https://registry.npmmirror.com/@pixi/assets/-/assets-7.2.4.tgz"
    "version" "7.2.4"
    dependencies:
      "@types/css-font-loading-module" "^0.0.7"
  
  "@pixi/color@7.2.4":
    "integrity" "sha512-B/+9JRcXe2uE8wQfsueFRPZVayF2VEMRB7XGeRAsWCryOX19nmWhv0Nt3nOU2rvzI0niz9XgugJXsB6vVmDFSg=="
    "resolved" "https://registry.npmmirror.com/@pixi/color/-/color-7.2.4.tgz"
    "version" "7.2.4"
    dependencies:
      "colord" "^2.9.3"
  
  "@pixi/compressed-textures@7.2.4":
    "integrity" "sha512-atnWyw/ot/Wg69qhgskKiuTYCZx15IxV35sa0KyXMthyjyvDLCIvOn0nczM6wCBy9H96SjJbfgynVWhVrip6qw=="
    "resolved" "https://registry.npmmirror.com/@pixi/compressed-textures/-/compressed-textures-7.2.4.tgz"
    "version" "7.2.4"
  
  "@pixi/constants@6.5.9":
    "integrity" "sha512-749Vv+DUh4Tguku6uouXUIAUHThYU/cDZzWW4lYNv2UrqUrPxE1a7b8Ca0GakFjt6HZIenl6DnUYLP4yE6PWiQ=="
    "resolved" "https://registry.npmmirror.com/@pixi/constants/-/constants-6.5.9.tgz"
    "version" "6.5.9"
  
  "@pixi/constants@7.2.4":
    "integrity" "sha512-hKuHBWR6N4Q0Sf5MGF3/9l+POg/G5rqhueHfzofiuelnKg7aBs3BVjjZ+6hZbd6M++vOUmxYelEX/NEFBxrheA=="
    "resolved" "https://registry.npmmirror.com/@pixi/constants/-/constants-7.2.4.tgz"
    "version" "7.2.4"
  
  "@pixi/core@^6", "@pixi/core@6.5.9":
    "integrity" "sha512-NQGaEYtUIKNAQNeqLsfHSkx1BYuOWJzAYDpb63QEZFvV8gTRf2t3SBuyvSxvMFAGakNrqYefIXkfJXpmHOrk7A=="
    "resolved" "https://registry.npmmirror.com/@pixi/core/-/core-6.5.9.tgz"
    "version" "6.5.9"
    dependencies:
      "@types/offscreencanvas" "^2019.6.4"
  
  "@pixi/core@7.2.4":
    "integrity" "sha512-0XtvrfxHlS2T+beBBSpo7GI8+QLyyTqMVQpNmPqB4woYxzrOEJ9JaUFBaBfCvycLeUkfVih1u6HAbtF+2d1EjQ=="
    "resolved" "https://registry.npmmirror.com/@pixi/core/-/core-7.2.4.tgz"
    "version" "7.2.4"
    dependencies:
      "@pixi/color" "7.2.4"
      "@pixi/constants" "7.2.4"
      "@pixi/extensions" "7.2.4"
      "@pixi/math" "7.2.4"
      "@pixi/runner" "7.2.4"
      "@pixi/settings" "7.2.4"
      "@pixi/ticker" "7.2.4"
      "@pixi/utils" "7.2.4"
      "@types/offscreencanvas" "^2019.6.4"
  
  "@pixi/display@^6", "@pixi/display@6.5.9":
    "integrity" "sha512-85eODYWsOM/kIt2N/L51lsAl3DLJA+1Eed+Nl6ZeF/pEvQnXf7jDZzGwVmUKJurpPWhjkA5OnzWabFw3De2qZg=="
    "resolved" "https://registry.npmmirror.com/@pixi/display/-/display-6.5.9.tgz"
    "version" "6.5.9"
  
  "@pixi/display@7.2.4":
    "integrity" "sha512-w5tqb8cWEO5qIDaO9GEqRvxYhL0iMk0Wsngw23bbLm1gLEQmrFkB2tpJlRAqd7H82C3DrDDeWvkrrxW6+m4apg=="
    "resolved" "https://registry.npmmirror.com/@pixi/display/-/display-7.2.4.tgz"
    "version" "7.2.4"
  
  "@pixi/events@7.2.4":
    "integrity" "sha512-/JtmoB98fzIU8giN9xvlRvmvOi6u4MaD2DnKNOMHkQ1MBraj3pmrXM9fZ0JbNzi+324GraAAY76QidgHjIYoYQ=="
    "resolved" "https://registry.npmmirror.com/@pixi/events/-/events-7.2.4.tgz"
    "version" "7.2.4"
  
  "@pixi/extensions@6.5.9":
    "integrity" "sha512-vwzEhLkGiiCw9e7QmXBKHuJzX1DzaA2JcFw0Kl1DTI0lH1cIZccE3rVBbuVY8+Zvb33WV5XxwQC03/qyx4DUbw=="
    "resolved" "https://registry.npmmirror.com/@pixi/extensions/-/extensions-6.5.9.tgz"
    "version" "6.5.9"
  
  "@pixi/extensions@7.2.4":
    "integrity" "sha512-Mnqv9scbL1ARD3QFKfOWs2aSVJJfP1dL8g5UiqGImYO3rZbz/9QCzXOeMVIZ5n3iaRyKMNhFFr84/zUja2H7Dw=="
    "resolved" "https://registry.npmmirror.com/@pixi/extensions/-/extensions-7.2.4.tgz"
    "version" "7.2.4"
  
  "@pixi/extract@7.2.4":
    "integrity" "sha512-wlXZg+J2L/1jQhRi5nZQP/cXshovhjksjss91eAKMvY5aGxNAQovCP4xotJ/XJjfTvPMpeRzHPFYzm3PrOPQ7g=="
    "resolved" "https://registry.npmmirror.com/@pixi/extract/-/extract-7.2.4.tgz"
    "version" "7.2.4"
  
  "@pixi/filter-alpha@7.2.4":
    "integrity" "sha512-UTUMSGyktUr+I9vmigqJo9iUhb0nwGyqTTME2xBWZvVGCnl5z+/wHxvIBBCe5pNZ66IM15pGXQ4cDcfqCuP2kA=="
    "resolved" "https://registry.npmmirror.com/@pixi/filter-alpha/-/filter-alpha-7.2.4.tgz"
    "version" "7.2.4"
  
  "@pixi/filter-blur@7.2.4":
    "integrity" "sha512-aLyXIoxy14bTansCPtbY8x7Sdn2OrrqkF/pcKiRXHJGGhi7wPacvB/NcmYJdnI/n2ExQ6V5Njuj/nfrsejVwcA=="
    "resolved" "https://registry.npmmirror.com/@pixi/filter-blur/-/filter-blur-7.2.4.tgz"
    "version" "7.2.4"
  
  "@pixi/filter-color-matrix@7.2.4":
    "integrity" "sha512-DFtayybYXoUh73eHUFRK5REbi1t3FZuVUnaQTj+euHKF9L7EaYc3Q9wctpx1WPRcwkqEX50M4SNFhxpA7Pxtaw=="
    "resolved" "https://registry.npmmirror.com/@pixi/filter-color-matrix/-/filter-color-matrix-7.2.4.tgz"
    "version" "7.2.4"
  
  "@pixi/filter-displacement@7.2.4":
    "integrity" "sha512-Simq3IBJKt7+Gvk4kK7OFkfoeYUMhNhIyATCdeT+Jkdkq5WV7pYnH5hqO0YW7eAHrgjV13yn6t4H/GC4+6LhEA=="
    "resolved" "https://registry.npmmirror.com/@pixi/filter-displacement/-/filter-displacement-7.2.4.tgz"
    "version" "7.2.4"
  
  "@pixi/filter-fxaa@7.2.4":
    "integrity" "sha512-qzKjdL+Ih18uGTJLg8tT/H+YCsTeGkw2uF7lyKnw/lxGLJQhLWIhM95M9qSNgxbXyW1vp7SbG81a9aAEz2HAhA=="
    "resolved" "https://registry.npmmirror.com/@pixi/filter-fxaa/-/filter-fxaa-7.2.4.tgz"
    "version" "7.2.4"
  
  "@pixi/filter-noise@7.2.4":
    "integrity" "sha512-QAU9Ybj2ZQrWM9ZEjTTC0iLnQcuyNoZNRinxSbg1G0yacpmsSb9wvV5ltIZ66+hfY+90+u2Nudt/v9g6pvOdGg=="
    "resolved" "https://registry.npmmirror.com/@pixi/filter-noise/-/filter-noise-7.2.4.tgz"
    "version" "7.2.4"
  
  "@pixi/graphics@7.2.4":
    "integrity" "sha512-3A2EumTjWJgXlDLOyuBrl9b6v1Za/E+/IjOGUIX843HH4NYaf1a2sfDfljx6r3oiDvy+VhuBFmgynRcV5IyA0Q=="
    "resolved" "https://registry.npmmirror.com/@pixi/graphics/-/graphics-7.2.4.tgz"
    "version" "7.2.4"
  
  "@pixi/loaders@^6":
    "integrity" "sha512-wHza2gnDEkfz1xmlLrsrxBzkEIWOufS4DFR/i1gl9lyzDJs5be1UB6zLbp8r7gxAYhNXHTbqU+CODYaJq/1TAQ=="
    "resolved" "https://registry.npmmirror.com/@pixi/loaders/-/loaders-6.5.9.tgz"
    "version" "6.5.9"
  
  "@pixi/math@^6", "@pixi/math@6.5.9":
    "integrity" "sha512-L6EARDZiMXXqyqrgvc4lTVpMppRhkeJcCCg+6XAilp73ZAehmcCKt1fuCENbscpJgdX8EDBDWlGVrDOq6Yfa3Q=="
    "resolved" "https://registry.npmmirror.com/@pixi/math/-/math-6.5.9.tgz"
    "version" "6.5.9"
  
  "@pixi/math@7.2.4":
    "integrity" "sha512-LJB+mozyEPllxa0EssFZrKNfVwysfaBun4b2dJKQQInp0DafgbA0j7A+WVg0oe51KhFULTJMpDqbLn/ITFc41A=="
    "resolved" "https://registry.npmmirror.com/@pixi/math/-/math-7.2.4.tgz"
    "version" "7.2.4"
  
  "@pixi/mesh-extras@7.2.4":
    "integrity" "sha512-Lxqq/1E2EmDgjZX8KzjhBy3VvITIQ00arr2ikyHYF1d0XtQTKEYpr8VKzhchqZ5/9DuyTDbDMYGhcxoNXQmZrQ=="
    "resolved" "https://registry.npmmirror.com/@pixi/mesh-extras/-/mesh-extras-7.2.4.tgz"
    "version" "7.2.4"
  
  "@pixi/mesh@7.2.4":
    "integrity" "sha512-wiALIqcRKib2BqeH9kOA5fOKWN352nqAspgbDa8gA7OyWzmNwqIedIlElixd0oLFOrIN5jOZAdzeKnoYQlt9Aw=="
    "resolved" "https://registry.npmmirror.com/@pixi/mesh/-/mesh-7.2.4.tgz"
    "version" "7.2.4"
  
  "@pixi/mixin-cache-as-bitmap@7.2.4":
    "integrity" "sha512-95L/9nzfLHw6GoeqqRl/RjSloKvRt0xrc2inCmjMZvMsFUEtHN2F8IWd1k5vcv0S+83NCreFkJg6nJm1m5AZqg=="
    "resolved" "https://registry.npmmirror.com/@pixi/mixin-cache-as-bitmap/-/mixin-cache-as-bitmap-7.2.4.tgz"
    "version" "7.2.4"
  
  "@pixi/mixin-get-child-by-name@7.2.4":
    "integrity" "sha512-9g17KgSBEEhkinnKk4dqmxagzHOCPSTvGB6lOopBq4yyXmr/2WVv+QGjuzE0O+p80szQeBJjPBQxzrfBILaSRw=="
    "resolved" "https://registry.npmmirror.com/@pixi/mixin-get-child-by-name/-/mixin-get-child-by-name-7.2.4.tgz"
    "version" "7.2.4"
  
  "@pixi/mixin-get-global-position@7.2.4":
    "integrity" "sha512-UrAUF2BXCeWtFgR2m+er41Ky7zShT7r228cZkB6ZfYwMeThhwqG5mH68UeCyP6p68JMpT1gjI2DPfeSRY3ecnA=="
    "resolved" "https://registry.npmmirror.com/@pixi/mixin-get-global-position/-/mixin-get-global-position-7.2.4.tgz"
    "version" "7.2.4"
  
  "@pixi/particle-container@7.2.4":
    "integrity" "sha512-tpSzilZGFtAoi8XhzL0TecLPNRQAbY8nWV9XNGXJDw+nxXp18GCe8L6eEmnHLlAug67BRHl65DtrdvTknPX+4g=="
    "resolved" "https://registry.npmmirror.com/@pixi/particle-container/-/particle-container-7.2.4.tgz"
    "version" "7.2.4"
  
  "@pixi/prepare@7.2.4":
    "integrity" "sha512-Yff5Sh4kTLdKc5VkkM44LW9gpj7Izw8ns3P1TzWxqeGjzPZ3folr/tQujGL+Qw+8A9VESp+hX9MSIHyw+jpyrg=="
    "resolved" "https://registry.npmmirror.com/@pixi/prepare/-/prepare-7.2.4.tgz"
    "version" "7.2.4"
  
  "@pixi/runner@6.5.9":
    "integrity" "sha512-xIfmhflbhrDw9ZEDezL46K+/L3pz79KU0qvtmg82eXgJdpsp9irDY2+QcEYgOO1AnYmqO9E1ygZd/RofCxRM1g=="
    "resolved" "https://registry.npmmirror.com/@pixi/runner/-/runner-6.5.9.tgz"
    "version" "6.5.9"
  
  "@pixi/runner@7.2.4":
    "integrity" "sha512-YtyqPk1LA+0guEFKSFx6t/YSvbEQwajFwi4Ft8iDhioa6VK2MmTir1GjWwy7JQYLcDmYSAcQjnmFtVTZohyYSw=="
    "resolved" "https://registry.npmmirror.com/@pixi/runner/-/runner-7.2.4.tgz"
    "version" "7.2.4"
  
  "@pixi/settings@6.5.9":
    "integrity" "sha512-cOODlDuToO3uixgDRHlsxGbzlgZKNyZn+AeZKHyo6z8JpLh5mYrC4wEgLyHoKSOX0VgNzlSY6VNLthmgpu2gAg=="
    "resolved" "https://registry.npmmirror.com/@pixi/settings/-/settings-6.5.9.tgz"
    "version" "6.5.9"
  
  "@pixi/settings@7.2.4":
    "integrity" "sha512-ZPKRar9EwibijGmH8EViu4Greq1I/O7V/xQx2rNqN23XA7g09Qo6yfaeQpufu5xl8+/lZrjuHtQSnuY7OgG1CA=="
    "resolved" "https://registry.npmmirror.com/@pixi/settings/-/settings-7.2.4.tgz"
    "version" "7.2.4"
    dependencies:
      "@pixi/constants" "7.2.4"
      "@types/css-font-loading-module" "^0.0.7"
      "ismobilejs" "^1.1.0"
  
  "@pixi/sprite-animated@7.2.4":
    "integrity" "sha512-9eRriPSC0QVS7U9zQlrG3uEI5+h3fi+mqofXy+yjk1sGCmXSIJME5p2wg2mzxoJk3qkSMagQA9QHtL26Fti8Iw=="
    "resolved" "https://registry.npmmirror.com/@pixi/sprite-animated/-/sprite-animated-7.2.4.tgz"
    "version" "7.2.4"
  
  "@pixi/sprite-tiling@7.2.4":
    "integrity" "sha512-nGfxQoACRx49dUN0oW1vFm3141M+7gkAbzoNJym2Pljd2dpLME9fb5E6Lyahu0yWMaPRhhGorn6z9VIGmTF3Jw=="
    "resolved" "https://registry.npmmirror.com/@pixi/sprite-tiling/-/sprite-tiling-7.2.4.tgz"
    "version" "7.2.4"
  
  "@pixi/sprite@^6":
    "integrity" "sha512-pgYHrIES9vZ1HfcFVpvDpdI8sMwzNRhInDkfRCfJX0K3NaAW8AWzu1DPPsn+eYzIF14gpi9JZXS3lT8JtD8lug=="
    "resolved" "https://registry.npmmirror.com/@pixi/sprite/-/sprite-6.5.9.tgz"
    "version" "6.5.9"
  
  "@pixi/sprite@7.2.4":
    "integrity" "sha512-DhR1B+/d0eXpxHIesJMXcVPrKFwQ+zRA1LvEIFfzewqfaRN3X6PMIuoKX8SIb6tl+Hq8Ba9Pe28zI7d2rmRzrA=="
    "resolved" "https://registry.npmmirror.com/@pixi/sprite/-/sprite-7.2.4.tgz"
    "version" "7.2.4"
  
  "@pixi/spritesheet@7.2.4":
    "integrity" "sha512-LNmlavyiMQeCF0U4S+yhzxUYmPmat6EpLjLnkGukQTZV5CZkxDCVgXM9uKoRF2DvNydj4yuwZ6+JjK8QssHI8Q=="
    "resolved" "https://registry.npmmirror.com/@pixi/spritesheet/-/spritesheet-7.2.4.tgz"
    "version" "7.2.4"
  
  "@pixi/text-bitmap@7.2.4":
    "integrity" "sha512-3u2CP4VN+muCaq/jtj7gn0hb3DET/X2S04zTBcgc2WVGufJc62yz+UDzS9jC+ellotVdt9c8U74++vpz3zJGfw=="
    "resolved" "https://registry.npmmirror.com/@pixi/text-bitmap/-/text-bitmap-7.2.4.tgz"
    "version" "7.2.4"
  
  "@pixi/text-html@7.2.4":
    "integrity" "sha512-0NfLAE/w51ZtatxVqLvDS62iO0VLKsSdctqTAVv4Zlgdk9TKJmX1WUucHJboTvbm2SbDjNDGfZ6qXM5nAslIDQ=="
    "resolved" "https://registry.npmmirror.com/@pixi/text-html/-/text-html-7.2.4.tgz"
    "version" "7.2.4"
  
  "@pixi/text@7.2.4":
    "integrity" "sha512-DGu7ktpe+zHhqR2sG9NsJt4mgvSObv5EqXTtUxD4Z0li1gmqF7uktpLyn5I6vSg1TTEL4TECClRDClVDGiykWw=="
    "resolved" "https://registry.npmmirror.com/@pixi/text/-/text-7.2.4.tgz"
    "version" "7.2.4"
  
  "@pixi/ticker@6.5.9":
    "integrity" "sha512-y7bpdSXc+UkfH2HPvOCV7XBk1eFsmoexsvVGqlRNd9r0sb/OXqcYLvnW4+BEyt5xKp7TpQibNBEKJCNih4dcMQ=="
    "resolved" "https://registry.npmmirror.com/@pixi/ticker/-/ticker-6.5.9.tgz"
    "version" "6.5.9"
  
  "@pixi/ticker@7.2.4":
    "integrity" "sha512-hQQHIHvGeFsP4GNezZqjzuhUgNQEVgCH9+qU05UX1Mc5UHC9l6OJnY4VTVhhcHxZjA6RnyaY+1zBxCnoXuazpg=="
    "resolved" "https://registry.npmmirror.com/@pixi/ticker/-/ticker-7.2.4.tgz"
    "version" "7.2.4"
    dependencies:
      "@pixi/extensions" "7.2.4"
      "@pixi/settings" "7.2.4"
      "@pixi/utils" "7.2.4"
  
  "@pixi/utils@^6", "@pixi/utils@6.5.9":
    "integrity" "sha512-eLYZihYs9gEyPscoNvxgpZtKTXeCskoZ7TFmI23gAoegOIA3SWUsCudi/DJuQwGJSulitQ0M2BDJoVoSEoonEA=="
    "resolved" "https://registry.npmmirror.com/@pixi/utils/-/utils-6.5.9.tgz"
    "version" "6.5.9"
    dependencies:
      "@types/earcut" "^2.1.0"
      "earcut" "^2.2.4"
      "eventemitter3" "^3.1.0"
      "url" "^0.11.0"
  
  "@pixi/utils@7.2.4":
    "integrity" "sha512-VUGQHBOINIS4ePzoqafwxaGPVRTa3oM/mEutIIHbNGI3b+QvSO+1Dnk40M0zcH6Bo+MxQZbOZK5X/wO9oU5+LQ=="
    "resolved" "https://registry.npmmirror.com/@pixi/utils/-/utils-7.2.4.tgz"
    "version" "7.2.4"
    dependencies:
      "@pixi/color" "7.2.4"
      "@pixi/constants" "7.2.4"
      "@pixi/settings" "7.2.4"
      "@types/earcut" "^2.1.0"
      "earcut" "^2.2.4"
      "eventemitter3" "^4.0.0"
      "url" "^0.11.0"
  
  "@tomiaa/hitokoto@*":
    "integrity" "sha512-EMj2m8t84LEocMoA1SJomVLQ480VLQro8WmCcYDUGgR6RnnVLCUUSYJL3iMBDOHkWlUpT9XuRFnuR3aq1QiDCg=="
    "resolved" "https://registry.npmmirror.com/@tomiaa/hitokoto/-/hitokoto-0.0.5.tgz"
    "version" "0.0.5"
    dependencies:
      "@tomiaa/theme-chalk" "^0.0.5"
      "@tomiaa/utils" "^0.1.6"
      "axios" "^1.3.3"
  
  "@tomiaa/live2d@^0.0.1":
    "integrity" "sha512-2jtIx9G/yqxn0MOobcpPdWtEB3q5VmY7TuefZy2gT/HPxe95/tMewS2zwYsUjDh+MwviJNi4lQHVXLuWOUJv/g=="
    "resolved" "https://registry.npmmirror.com/@tomiaa/live2d/-/live2d-0.0.1.tgz"
    "version" "0.0.1"
    dependencies:
      "@tomiaa/hitokoto" "*"
      "@tomiaa/utils" "*"
      "pixi-live2d-display" "^0.4.0"
      "pixi.js" "^7.0.5"
  
  "@tomiaa/theme-chalk@^0.0.5":
    "integrity" "sha512-EhRjWW4+HjL+IHTiXnrlfR3RHuwEiPZR4lViIYt/8G7xkdpoagfeudLfXumAUFIlItMIYERb3tN2lD0C7pNk4g=="
    "resolved" "https://registry.npmmirror.com/@tomiaa/theme-chalk/-/theme-chalk-0.0.5.tgz"
    "version" "0.0.5"
  
  "@tomiaa/utils@*", "@tomiaa/utils@^0.1.6":
    "integrity" "sha512-MgI/ppz0jT/i/1ukC94mJsUurtxx4PpkAvK81gVSBbEY3SEnsTV3voGTTdthjsiY35cOxGlw/+tDoxDhgk032w=="
    "resolved" "https://registry.npmmirror.com/@tomiaa/utils/-/utils-0.1.8.tgz"
    "version" "0.1.8"
    dependencies:
      "@vueuse/core" "^9.4.0"
      "axios" "^0.27.2"
  
  "@types/css-font-loading-module@^0.0.7":
    "integrity" "sha512-nl09VhutdjINdWyXxHWN/w9zlNCfr60JUqJbd24YXUuCwgeL0TpFSdElCwb6cxfB6ybE19Gjj4g0jsgkXxKv1Q=="
    "resolved" "https://registry.npmmirror.com/@types/css-font-loading-module/-/css-font-loading-module-0.0.7.tgz"
    "version" "0.0.7"
  
  "@types/earcut@^2.1.0":
    "integrity" "sha512-w8oigUCDjElRHRRrMvn/spybSMyX8MTkKA5Dv+tS1IE/TgmNZPqUYtvYBXGY8cieSE66gm+szeK+bnbxC2xHTQ=="
    "resolved" "https://registry.npmmirror.com/@types/earcut/-/earcut-2.1.1.tgz"
    "version" "2.1.1"
  
  "@types/offscreencanvas@^2019.6.4":
    "integrity" "sha512-PGcyveRIpL1XIqK8eBsmRBt76eFgtzuPiSTyKHZxnGemp2yzGzWpjYKAfK3wIMiU7eH+851yEpiuP8JZerTmWg=="
    "resolved" "https://registry.npmmirror.com/@types/offscreencanvas/-/offscreencanvas-2019.7.0.tgz"
    "version" "2019.7.0"
  
  "@types/web-bluetooth@^0.0.16":
    "integrity" "sha512-oh8q2Zc32S6gd/j50GowEjKLoOVOwHP/bWVjKJInBwQqdOYMdPrf1oVlelTlyfFK3CKxL1uahMDAr+vy8T7yMQ=="
    "resolved" "https://registry.npmmirror.com/@types/web-bluetooth/-/web-bluetooth-0.0.16.tgz"
    "version" "0.0.16"
  
  "@vitejs/plugin-vue@^4.1.0":
    "integrity" "sha512-++9JOAFdcXI3lyer9UKUV4rfoQ3T1RN8yDqoCLar86s0xQct5yblxAE+yWgRnU5/0FOlVCpTZpYSBV/bGWrSrQ=="
    "resolved" "https://registry.npmmirror.com/@vitejs/plugin-vue/-/plugin-vue-4.1.0.tgz"
    "version" "4.1.0"
  
  "@vue/compiler-core@3.2.47":
    "integrity" "sha512-p4D7FDnQb7+YJmO2iPEv0SQNeNzcbHdGByJDsT4lynf63AFkOTFN07HsiRSvjGo0QrxR/o3d0hUyNCUnBU2Tig=="
    "resolved" "https://registry.npmmirror.com/@vue/compiler-core/-/compiler-core-3.2.47.tgz"
    "version" "3.2.47"
    dependencies:
      "@babel/parser" "^7.16.4"
      "@vue/shared" "3.2.47"
      "estree-walker" "^2.0.2"
      "source-map" "^0.6.1"
  
  "@vue/compiler-dom@3.2.47":
    "integrity" "sha512-dBBnEHEPoftUiS03a4ggEig74J2YBZ2UIeyfpcRM2tavgMWo4bsEfgCGsu+uJIL/vax9S+JztH8NmQerUo7shQ=="
    "resolved" "https://registry.npmmirror.com/@vue/compiler-dom/-/compiler-dom-3.2.47.tgz"
    "version" "3.2.47"
    dependencies:
      "@vue/compiler-core" "3.2.47"
      "@vue/shared" "3.2.47"
  
  "@vue/compiler-sfc@2.7.14":
    "integrity" "sha512-aNmNHyLPsw+sVvlQFQ2/8sjNuLtK54TC6cuKnVzAY93ks4ZBrvwQSnkkIh7bsbNhum5hJBS00wSDipQ937f5DA=="
    "resolved" "https://registry.npmmirror.com/@vue/compiler-sfc/-/compiler-sfc-2.7.14.tgz"
    "version" "2.7.14"
    dependencies:
      "@babel/parser" "^7.18.4"
      "postcss" "^8.4.14"
      "source-map" "^0.6.1"
  
  "@vue/compiler-sfc@3.2.47":
    "integrity" "sha512-rog05W+2IFfxjMcFw10tM9+f7i/+FFpZJJ5XHX72NP9eC2uRD+42M3pYcQqDXVYoj74kHMSEdQ/WmCjt8JFksQ=="
    "resolved" "https://registry.npmmirror.com/@vue/compiler-sfc/-/compiler-sfc-3.2.47.tgz"
    "version" "3.2.47"
    dependencies:
      "@babel/parser" "^7.16.4"
      "@vue/compiler-core" "3.2.47"
      "@vue/compiler-dom" "3.2.47"
      "@vue/compiler-ssr" "3.2.47"
      "@vue/reactivity-transform" "3.2.47"
      "@vue/shared" "3.2.47"
      "estree-walker" "^2.0.2"
      "magic-string" "^0.25.7"
      "postcss" "^8.1.10"
      "source-map" "^0.6.1"
  
  "@vue/compiler-ssr@3.2.47":
    "integrity" "sha512-wVXC+gszhulcMD8wpxMsqSOpvDZ6xKXSVWkf50Guf/S+28hTAXPDYRTbLQ3EDkOP5Xz/+SY37YiwDquKbJOgZw=="
    "resolved" "https://registry.npmmirror.com/@vue/compiler-ssr/-/compiler-ssr-3.2.47.tgz"
    "version" "3.2.47"
    dependencies:
      "@vue/compiler-dom" "3.2.47"
      "@vue/shared" "3.2.47"
  
  "@vue/devtools-api@^6.5.0":
    "integrity" "sha512-o9KfBeaBmCKl10usN4crU53fYtC1r7jJwdGKjPT24t348rHxgfpZ0xL3Xm/gLUYnc0oTp8LAmrxOeLyu6tbk2Q=="
    "resolved" "https://registry.npmmirror.com/@vue/devtools-api/-/devtools-api-6.5.0.tgz"
    "version" "6.5.0"
  
  "@vue/reactivity-transform@3.2.47":
    "integrity" "sha512-m8lGXw8rdnPVVIdIFhf0LeQ/ixyHkH5plYuS83yop5n7ggVJU+z5v0zecwEnX7fa7HNLBhh2qngJJkxpwEEmYA=="
    "resolved" "https://registry.npmmirror.com/@vue/reactivity-transform/-/reactivity-transform-3.2.47.tgz"
    "version" "3.2.47"
    dependencies:
      "@babel/parser" "^7.16.4"
      "@vue/compiler-core" "3.2.47"
      "@vue/shared" "3.2.47"
      "estree-walker" "^2.0.2"
      "magic-string" "^0.25.7"
  
  "@vue/reactivity@3.2.47":
    "integrity" "sha512-7khqQ/75oyyg+N/e+iwV6lpy1f5wq759NdlS1fpAhFXa8VeAIKGgk2E/C4VF59lx5b+Ezs5fpp/5WsRYXQiKxQ=="
    "resolved" "https://registry.npmmirror.com/@vue/reactivity/-/reactivity-3.2.47.tgz"
    "version" "3.2.47"
    dependencies:
      "@vue/shared" "3.2.47"
  
  "@vue/runtime-core@3.2.47":
    "integrity" "sha512-RZxbLQIRB/K0ev0K9FXhNbBzT32H9iRtYbaXb0ZIz2usLms/D55dJR2t6cIEUn6vyhS3ALNvNthI+Q95C+NOpA=="
    "resolved" "https://registry.npmmirror.com/@vue/runtime-core/-/runtime-core-3.2.47.tgz"
    "version" "3.2.47"
    dependencies:
      "@vue/reactivity" "3.2.47"
      "@vue/shared" "3.2.47"
  
  "@vue/runtime-dom@3.2.47":
    "integrity" "sha512-ArXrFTjS6TsDei4qwNvgrdmHtD930KgSKGhS5M+j8QxXrDJYLqYw4RRcDy1bz1m1wMmb6j+zGLifdVHtkXA7gA=="
    "resolved" "https://registry.npmmirror.com/@vue/runtime-dom/-/runtime-dom-3.2.47.tgz"
    "version" "3.2.47"
    dependencies:
      "@vue/runtime-core" "3.2.47"
      "@vue/shared" "3.2.47"
      "csstype" "^2.6.8"
  
  "@vue/server-renderer@3.2.47":
    "integrity" "sha512-dN9gc1i8EvmP9RCzvneONXsKfBRgqFeFZLurmHOveL7oH6HiFXJw5OGu294n1nHc/HMgTy6LulU/tv5/A7f/LA=="
    "resolved" "https://registry.npmmirror.com/@vue/server-renderer/-/server-renderer-3.2.47.tgz"
    "version" "3.2.47"
    dependencies:
      "@vue/compiler-ssr" "3.2.47"
      "@vue/shared" "3.2.47"
  
  "@vue/shared@3.2.47":
    "integrity" "sha512-BHGyyGN3Q97EZx0taMQ+OLNuZcW3d37ZEVmEAyeoA9ERdGvm9Irc/0Fua8SNyOtV1w6BS4q25wbMzJujO9HIfQ=="
    "resolved" "https://registry.npmmirror.com/@vue/shared/-/shared-3.2.47.tgz"
    "version" "3.2.47"
  
  "@vueuse/core@^9.13.0", "@vueuse/core@^9.4.0":
    "integrity" "sha512-pujnclbeHWxxPRqXWmdkKV5OX4Wk4YeK7wusHqRwU0Q7EFusHoqNA/aPhB6KCh9hEqJkLAJo7bb0Lh9b+OIVzw=="
    "resolved" "https://registry.npmmirror.com/@vueuse/core/-/core-9.13.0.tgz"
    "version" "9.13.0"
    dependencies:
      "@types/web-bluetooth" "^0.0.16"
      "@vueuse/metadata" "9.13.0"
      "@vueuse/shared" "9.13.0"
      "vue-demi" "*"
  
  "@vueuse/metadata@9.13.0":
    "integrity" "sha512-gdU7TKNAUVlXXLbaF+ZCfte8BjRJQWPCa2J55+7/h+yDtzw3vOoGQDRXzI6pyKyo6bXFT5/QoPE4hAknExjRLQ=="
    "resolved" "https://registry.npmmirror.com/@vueuse/metadata/-/metadata-9.13.0.tgz"
    "version" "9.13.0"
  
  "@vueuse/shared@9.13.0":
    "integrity" "sha512-UrnhU+Cnufu4S6JLCPZnkWh0WwZGUp72ktOF2DFptMlOs3TOdVv8xJN53zhHGARmVOsz5KqOls09+J1NR6sBKw=="
    "resolved" "https://registry.npmmirror.com/@vueuse/shared/-/shared-9.13.0.tgz"
    "version" "9.13.0"
    dependencies:
      "vue-demi" "*"
  
  "algoliasearch@^4.0.0", "algoliasearch@>= 4.9.1 < 6":
    "integrity" "sha512-JMRh2Mw6sEnVMiz6+APsi7lx9a2jiDFF+WUtANaUVCv6uSU9UOLdo5h9K3pdP6frRRybaM2fX8b1u0nqICS9aA=="
    "resolved" "https://registry.npmmirror.com/algoliasearch/-/algoliasearch-4.17.0.tgz"
    "version" "4.17.0"
    dependencies:
      "@algolia/cache-browser-local-storage" "4.17.0"
      "@algolia/cache-common" "4.17.0"
      "@algolia/cache-in-memory" "4.17.0"
      "@algolia/client-account" "4.17.0"
      "@algolia/client-analytics" "4.17.0"
      "@algolia/client-common" "4.17.0"
      "@algolia/client-personalization" "4.17.0"
      "@algolia/client-search" "4.17.0"
      "@algolia/logger-common" "4.17.0"
      "@algolia/logger-console" "4.17.0"
      "@algolia/requester-browser-xhr" "4.17.0"
      "@algolia/requester-common" "4.17.0"
      "@algolia/requester-node-http" "4.17.0"
      "@algolia/transporter" "4.17.0"
  
  "ansi-sequence-parser@^1.1.0":
    "integrity" "sha512-lEm8mt52to2fT8GhciPCGeCXACSz2UwIN4X2e2LJSnZ5uAbn2/dsYdOmUXq0AtWS5cpAupysIneExOgH0Vd2TQ=="
    "resolved" "https://registry.npmmirror.com/ansi-sequence-parser/-/ansi-sequence-parser-1.1.0.tgz"
    "version" "1.1.0"
  
  "array-union@^1.0.1":
    "integrity" "sha512-Dxr6QJj/RdU/hCaBjOfxW+q6lyuVE6JFWIrAUpuOOhoJJoQ99cUn3igRaHVB5P9WrgFVN0FfArM3x0cueOU8ng=="
    "resolved" "https://registry.npmmirror.com/array-union/-/array-union-1.0.2.tgz"
    "version" "1.0.2"
    dependencies:
      "array-uniq" "^1.0.1"
  
  "array-uniq@^1.0.1":
    "integrity" "sha512-MNha4BWQ6JbwhFhj03YK552f7cb3AzoE8SzeljgChvL1dl3IcvggXVz1DilzySZkCja+CXuZbdW7yATchWn8/Q=="
    "resolved" "https://registry.npmmirror.com/array-uniq/-/array-uniq-1.0.3.tgz"
    "version" "1.0.3"
  
  "async@^2.6.1":
    "integrity" "sha512-mzo5dfJYwAn29PeiJ0zvwTo04zj8HDJj0Mn8TD7sno7q12prdbnasKJHhkm2c1LgrhlJ0teaea8860oxi51mGA=="
    "resolved" "https://registry.npmmirror.com/async/-/async-2.6.4.tgz"
    "version" "2.6.4"
    dependencies:
      "lodash" "^4.17.14"
  
  "asynckit@^0.4.0":
    "integrity" "sha512-Oei9OH4tRh0YqU3GxhX79dM/mwVgvbZJaSNaRk+bshkj0S5cfHcgYakreBjrHwatXKbz+IoIdYLxrKim2MjW0Q=="
    "resolved" "https://registry.npmmirror.com/asynckit/-/asynckit-0.4.0.tgz"
    "version" "0.4.0"
  
  "axios@^0.27.2":
    "integrity" "sha512-t+yRIyySRTp/wua5xEr+z1q60QmLq8ABsS5O9Me1AsE5dfKqgnCFzwiCZZ/cGNd1lq4/7akDWMxdhVlucjmnOQ=="
    "resolved" "https://registry.npmmirror.com/axios/-/axios-0.27.2.tgz"
    "version" "0.27.2"
    dependencies:
      "follow-redirects" "^1.14.9"
      "form-data" "^4.0.0"
  
  "axios@^1.3.3":
    "integrity" "sha512-glL/PvG/E+xCWwV8S6nCHcrfg1exGx7vxyUIivIA1iL7BIh6bePylCfVHwp6k13ao7SATxB6imau2kqY+I67kw=="
    "resolved" "https://registry.npmmirror.com/axios/-/axios-1.3.5.tgz"
    "version" "1.3.5"
    dependencies:
      "follow-redirects" "^1.15.0"
      "form-data" "^4.0.0"
      "proxy-from-env" "^1.1.0"
  
  "balanced-match@^1.0.0":
    "integrity" "sha512-3oSeUO0TMV67hN1AmbXsK4yaqU7tjiHlbxRDZOpH0KW9+CeX4bRAaX0Anxt0tx2MrpRpWwQaPwIlISEJhYU5Pw=="
    "resolved" "https://registry.npmmirror.com/balanced-match/-/balanced-match-1.0.2.tgz"
    "version" "1.0.2"
  
  "body-scroll-lock@4.0.0-beta.0":
    "integrity" "sha512-a7tP5+0Mw3YlUJcGAKUqIBkYYGlYxk2fnCasq/FUph1hadxlTRjF+gAcZksxANnaMnALjxEddmSi/H3OR8ugcQ=="
    "resolved" "https://registry.npmmirror.com/body-scroll-lock/-/body-scroll-lock-4.0.0-beta.0.tgz"
    "version" "4.0.0-beta.0"
  
  "brace-expansion@^1.1.7":
    "integrity" "sha512-iCuPHDFgrHX7H2vEI/5xpz07zSHB00TpugqhmYtVmMO6518mCuRMoOYFldEBl0g187ufozdaHgWKcYFb61qGiA=="
    "resolved" "https://registry.npmmirror.com/brace-expansion/-/brace-expansion-1.1.11.tgz"
    "version" "1.1.11"
    dependencies:
      "balanced-match" "^1.0.0"
      "concat-map" "0.0.1"
  
  "colord@^2.9.3":
    "integrity" "sha512-jeC1axXpnb0/2nn/Y1LPuLdgXBLH7aDcHu4KEKfqw3CUhX7ZpfBSlPKyqXE6btIgEzfWtrX3/tyBCaCvXvMkOw=="
    "resolved" "https://registry.npmmirror.com/colord/-/colord-2.9.3.tgz"
    "version" "2.9.3"
  
  "combined-stream@^1.0.8":
    "integrity" "sha512-FQN4MRfuJeHf7cBbBMJFXhKSDq+2kAArBlmRBvcvFE5BB1HZKXtSFASDhdlz9zOYwxh8lDdnvmMOe/+5cdoEdg=="
    "resolved" "https://registry.npmmirror.com/combined-stream/-/combined-stream-1.0.8.tgz"
    "version" "1.0.8"
    dependencies:
      "delayed-stream" "~1.0.0"
  
  "commander@^2.18.0":
    "integrity" "sha512-GpVkmM8vF2vQUkj2LvZmD35JxeJOLCwJ9cUkugyk2nuhbv3+mJvpLYYt+0+USMxE+oj+ey/lJEnhZw75x/OMcQ=="
    "resolved" "https://registry.npmmirror.com/commander/-/commander-2.20.3.tgz"
    "version" "2.20.3"
  
  "commondir@^1.0.1":
    "integrity" "sha512-W9pAhw0ja1Edb5GVdIF1mjZw/ASI0AlShXM83UUGe2DVr5TdAPEA1OA8m/g8zWp9x6On7gqufY+FatDbC3MDQg=="
    "resolved" "https://registry.npmmirror.com/commondir/-/commondir-1.0.1.tgz"
    "version" "1.0.1"
  
  "concat-map@0.0.1":
    "integrity" "sha512-/Srv4dswyQNBfohGpz9o6Yb3Gz3SrUDqBH5rTuhGR7ahtlbYKnVxw2bCFMRljaA7EXHaXZ8wsHdodFvbkhKmqg=="
    "resolved" "https://registry.npmmirror.com/concat-map/-/concat-map-0.0.1.tgz"
    "version" "0.0.1"
  
  "core-js@^3.6.5":
    "integrity" "sha512-ZNS5nbiSwDTq4hFosEDqm65izl2CWmLz0hARJMyNQBgkUZMIF51cQiMvIQKA6hvuaeWxQDP3hEedM1JZIgTldQ=="
    "resolved" "https://registry.npmmirror.com/core-js/-/core-js-3.30.1.tgz"
    "version" "3.30.1"
  
  "csstype@^2.6.8":
    "integrity" "sha512-Z1PhmomIfypOpoMjRQB70jfvy/wxT50qW08YXO5lMIJkrdq4yOTR+AW7FqutScmB9NkLwxo+jU+kZLbofZZq/w=="
    "resolved" "https://registry.npmmirror.com/csstype/-/csstype-2.6.21.tgz"
    "version" "2.6.21"
  
  "csstype@^3.1.0":
    "integrity" "sha512-I7K1Uu0MBPzaFKg4nI5Q7Vs2t+3gWWW648spaF+Rg7pI9ds18Ugn+lvg4SHczUdKlHI5LWBXyqfS8+DufyBsgQ=="
    "resolved" "https://registry.npmmirror.com/csstype/-/csstype-3.1.2.tgz"
    "version" "3.1.2"
  
  "delayed-stream@~1.0.0":
    "integrity" "sha512-ZySD7Nf91aLB0RxL4KGrKHBXl7Eds1DAmEdcoVawXnLD7SDhpNgtuII2aAkg7a7QS41jxPSZ17p4VdGnMHk3MQ=="
    "resolved" "https://registry.npmmirror.com/delayed-stream/-/delayed-stream-1.0.0.tgz"
    "version" "1.0.0"
  
  "earcut@^2.2.4":
    "integrity" "sha512-/pjZsA1b4RPHbeWZQn66SWS8nZZWLQQ23oE3Eam7aroEFGEvwKAsJfZ9ytiEMycfzXWpca4FA9QIOehf7PocBQ=="
    "resolved" "https://registry.npmmirror.com/earcut/-/earcut-2.2.4.tgz"
    "version" "2.2.4"
  
  "email-addresses@^3.0.1":
    "integrity" "sha512-k0/r7GrWVL32kZlGwfPNgB2Y/mMXVTq/decgLczm/j34whdaspNrZO8CnXPf1laaHxI6ptUlsnAxN+UAPw+fzg=="
    "resolved" "https://registry.npmmirror.com/email-addresses/-/email-addresses-3.1.0.tgz"
    "version" "3.1.0"
  
  "esbuild@^0.17.5":
    "integrity" "sha512-aeSuUKr9aFVY9Dc8ETVELGgkj4urg5isYx8pLf4wlGgB0vTFjxJQdHnNH6Shmx4vYYrOTLCHtRI5i1XZ9l2Zcg=="
    "resolved" "https://registry.npmmirror.com/esbuild/-/esbuild-0.17.16.tgz"
    "version" "0.17.16"
    optionalDependencies:
      "@esbuild/android-arm" "0.17.16"
      "@esbuild/android-arm64" "0.17.16"
      "@esbuild/android-x64" "0.17.16"
      "@esbuild/darwin-arm64" "0.17.16"
      "@esbuild/darwin-x64" "0.17.16"
      "@esbuild/freebsd-arm64" "0.17.16"
      "@esbuild/freebsd-x64" "0.17.16"
      "@esbuild/linux-arm" "0.17.16"
      "@esbuild/linux-arm64" "0.17.16"
      "@esbuild/linux-ia32" "0.17.16"
      "@esbuild/linux-loong64" "0.17.16"
      "@esbuild/linux-mips64el" "0.17.16"
      "@esbuild/linux-ppc64" "0.17.16"
      "@esbuild/linux-riscv64" "0.17.16"
      "@esbuild/linux-s390x" "0.17.16"
      "@esbuild/linux-x64" "0.17.16"
      "@esbuild/netbsd-x64" "0.17.16"
      "@esbuild/openbsd-x64" "0.17.16"
      "@esbuild/sunos-x64" "0.17.16"
      "@esbuild/win32-arm64" "0.17.16"
      "@esbuild/win32-ia32" "0.17.16"
      "@esbuild/win32-x64" "0.17.16"
  
  "escape-string-regexp@^1.0.2":
    "integrity" "sha512-vbRorB5FUQWvla16U8R/qgaFIya2qGzwDrNmCZuYKrbdSUMG6I1ZCGQRefkRVhuOkIGVne7BQ35DSfo1qvJqFg=="
    "resolved" "https://registry.npmmirror.com/escape-string-regexp/-/escape-string-regexp-1.0.5.tgz"
    "version" "1.0.5"
  
  "estree-walker@^2.0.2":
    "integrity" "sha512-Rfkk/Mp/DL7JVje3u18FxFujQlTNR2q6QfMSMB7AvCBx91NGj/ba3kCfza0f6dVDbw7YlRf/nDrn7pQrCCyQ/w=="
    "resolved" "https://registry.npmmirror.com/estree-walker/-/estree-walker-2.0.2.tgz"
    "version" "2.0.2"
  
  "eventemitter3@^3.1.0":
    "integrity" "sha512-tvtQIeLVHjDkJYnzf2dgVMxfuSGJeM/7UCG17TT4EumTfNtF+0nebF/4zWOIkCreAbtNqhGEboB6BWrwqNaw4Q=="
    "resolved" "https://registry.npmmirror.com/eventemitter3/-/eventemitter3-3.1.2.tgz"
    "version" "3.1.2"
  
  "eventemitter3@^4.0.0":
    "integrity" "sha512-8guHBZCwKnFhYdHr2ysuRWErTwhoN2X8XELRlrRwpmfeY2jjuUN4taQMsULKUVo1K4DvZl+0pgfyoysHxvmvEw=="
    "resolved" "https://registry.npmmirror.com/eventemitter3/-/eventemitter3-4.0.7.tgz"
    "version" "4.0.7"
  
  "filename-reserved-regex@^2.0.0":
    "integrity" "sha512-lc1bnsSr4L4Bdif8Xb/qrtokGbq5zlsms/CYH8PP+WtCkGNF65DPiQY8vG3SakEdRn8Dlnm+gW/qWKKjS5sZzQ=="
    "resolved" "https://registry.npmmirror.com/filename-reserved-regex/-/filename-reserved-regex-2.0.0.tgz"
    "version" "2.0.0"
  
  "filenamify@^4.3.0":
    "integrity" "sha512-hcFKyUG57yWGAzu1CMt/dPzYZuv+jAJUT85bL8mrXvNe6hWj6yEHEc4EdcgiA6Z3oi1/9wXJdZPXF2dZNgwgOg=="
    "resolved" "https://registry.npmmirror.com/filenamify/-/filenamify-4.3.0.tgz"
    "version" "4.3.0"
    dependencies:
      "filename-reserved-regex" "^2.0.0"
      "strip-outer" "^1.0.1"
      "trim-repeated" "^1.0.0"
  
  "find-cache-dir@^3.3.1":
    "integrity" "sha512-wXZV5emFEjrridIgED11OoUKLxiYjAcqot/NJdAkOhlJ+vGzwhOAfcG5OX1jP+S0PcjEn8bdMJv+g2jwQ3Onig=="
    "resolved" "https://registry.npmmirror.com/find-cache-dir/-/find-cache-dir-3.3.2.tgz"
    "version" "3.3.2"
    dependencies:
      "commondir" "^1.0.1"
      "make-dir" "^3.0.2"
      "pkg-dir" "^4.1.0"
  
  "find-up@^4.0.0":
    "integrity" "sha512-PpOwAdQ/YlXQ2vj8a3h8IipDuYRi3wceVQQGYWxNINccq40Anw7BlsEXCMbt1Zt+OLA6Fq9suIpIWD0OsnISlw=="
    "resolved" "https://registry.npmmirror.com/find-up/-/find-up-4.1.0.tgz"
    "version" "4.1.0"
    dependencies:
      "locate-path" "^5.0.0"
      "path-exists" "^4.0.0"
  
  "follow-redirects@^1.14.9", "follow-redirects@^1.15.0":
    "integrity" "sha512-VQLG33o04KaQ8uYi2tVNbdrWp1QWxNNea+nmIB4EVM28v0hmP17z7aG1+wAkNzVq4KeXTq3221ye5qTJP91JwA=="
    "resolved" "https://registry.npmmirror.com/follow-redirects/-/follow-redirects-1.15.2.tgz"
    "version" "1.15.2"
  
  "form-data@^4.0.0":
    "integrity" "sha512-ETEklSGi5t0QMZuiXoA/Q6vcnxcLQP5vdugSpuAyi6SVGi2clPPp+xgEhuMaHC+zGgn31Kd235W35f7Hykkaww=="
    "resolved" "https://registry.npmmirror.com/form-data/-/form-data-4.0.0.tgz"
    "version" "4.0.0"
    dependencies:
      "asynckit" "^0.4.0"
      "combined-stream" "^1.0.8"
      "mime-types" "^2.1.12"
  
  "fs-extra@^8.1.0":
    "integrity" "sha512-yhlQgA6mnOJUKOsRUFsgJdQCvkKhcz8tlZG5HBQfReYZy46OwLcY+Zia0mtdHsOo9y/hP+CxMN0TU9QxoOtG4g=="
    "resolved" "https://registry.npmmirror.com/fs-extra/-/fs-extra-8.1.0.tgz"
    "version" "8.1.0"
    dependencies:
      "graceful-fs" "^4.2.0"
      "jsonfile" "^4.0.0"
      "universalify" "^0.1.0"
  
  "fs.realpath@^1.0.0":
    "integrity" "sha512-OO0pH2lK6a0hZnAdau5ItzHPI6pUlvI7jMVnxUQRtw4owF2wk8lOSabtGDCTP4Ggrg2MbGnWO9X8K1t4+fGMDw=="
    "resolved" "https://registry.npmmirror.com/fs.realpath/-/fs.realpath-1.0.0.tgz"
    "version" "1.0.0"
  
  "function-bind@^1.1.1":
    "integrity" "sha512-yIovAzMX49sF8Yl58fSCWJ5svSLuaibPxXQJFLmBObTuCr0Mf1KiPopGM9NiFjiYBCbfaa2Fh6breQ6ANVTI0A=="
    "resolved" "https://registry.npmmirror.com/function-bind/-/function-bind-1.1.1.tgz"
    "version" "1.1.1"
  
  "gh-pages@^4.0.0":
    "integrity" "sha512-p8S0T3aGJc68MtwOcZusul5qPSNZCalap3NWbhRUZYu1YOdp+EjZ+4kPmRM8h3NNRdqw00yuevRjlkuSzCn7iQ=="
    "resolved" "https://registry.npmmirror.com/gh-pages/-/gh-pages-4.0.0.tgz"
    "version" "4.0.0"
    dependencies:
      "async" "^2.6.1"
      "commander" "^2.18.0"
      "email-addresses" "^3.0.1"
      "filenamify" "^4.3.0"
      "find-cache-dir" "^3.3.1"
      "fs-extra" "^8.1.0"
      "globby" "^6.1.0"
  
  "glob@^7.0.3":
    "integrity" "sha512-nFR0zLpU2YCaRxwoCJvL6UvCH2JFyFVIvwTLsIf21AuHlMskA1hhTdk+LlYJtOlYt9v6dvszD2BGRqBL+iQK9Q=="
    "resolved" "https://registry.npmmirror.com/glob/-/glob-7.2.3.tgz"
    "version" "7.2.3"
    dependencies:
      "fs.realpath" "^1.0.0"
      "inflight" "^1.0.4"
      "inherits" "2"
      "minimatch" "^3.1.1"
      "once" "^1.3.0"
      "path-is-absolute" "^1.0.0"
  
  "globby@^6.1.0":
    "integrity" "sha512-KVbFv2TQtbzCoxAnfD6JcHZTYCzyliEaaeM/gH8qQdkKr5s0OP9scEgvdcngyk7AVdY6YVW/TJHd+lQ/Df3Daw=="
    "resolved" "https://registry.npmmirror.com/globby/-/globby-6.1.0.tgz"
    "version" "6.1.0"
    dependencies:
      "array-union" "^1.0.1"
      "glob" "^7.0.3"
      "object-assign" "^4.0.1"
      "pify" "^2.0.0"
      "pinkie-promise" "^2.0.0"
  
  "graceful-fs@^4.1.6", "graceful-fs@^4.2.0":
    "integrity" "sha512-RbJ5/jmFcNNCcDV5o9eTnBLJ/HszWV0P73bc+Ff4nS/rJj+YaS6IGyiOL0VoBYX+l1Wrl3k63h/KrH+nhJ0XvQ=="
    "resolved" "https://registry.npmmirror.com/graceful-fs/-/graceful-fs-4.2.11.tgz"
    "version" "4.2.11"
  
  "has@^1.0.3":
    "integrity" "sha512-f2dvO0VU6Oej7RkWJGrehjbzMAjFp5/VKPp5tTpWIV4JHHZK1/BxbFRtf/siA2SWTe09caDmVtYYzWEIbBS4zw=="
    "resolved" "https://registry.npmmirror.com/has/-/has-1.0.3.tgz"
    "version" "1.0.3"
    dependencies:
      "function-bind" "^1.1.1"
  
  "inflight@^1.0.4":
    "integrity" "sha512-k92I/b08q4wvFscXCLvqfsHCrjrF7yiXsQuIVvVE7N82W3+aqpzuUdBbfhWcy/FZR3/4IgflMgKLOsvPDrGCJA=="
    "resolved" "https://registry.npmmirror.com/inflight/-/inflight-1.0.6.tgz"
    "version" "1.0.6"
    dependencies:
      "once" "^1.3.0"
      "wrappy" "1"
  
  "inherits@2":
    "integrity" "sha512-k/vGaX4/Yla3WzyMCvTQOXYeIHvqOKtnqBduzTHpzpQZzAskKMhZ2K+EnBiSM9zGSoIFeMpXKxa4dYeZIQqewQ=="
    "resolved" "https://registry.npmmirror.com/inherits/-/inherits-2.0.4.tgz"
    "version" "2.0.4"
  
  "is-core-module@^2.11.0":
    "integrity" "sha512-RRjxlvLDkD1YJwDbroBHMb+cukurkDWNyHx7D3oNB5x9rb5ogcksMC5wHCadcXoo67gVr/+3GFySh3134zi6rw=="
    "resolved" "https://registry.npmmirror.com/is-core-module/-/is-core-module-2.11.0.tgz"
    "version" "2.11.0"
    dependencies:
      "has" "^1.0.3"
  
  "ismobilejs@^1.1.0":
    "integrity" "sha512-VaFW53yt8QO61k2WJui0dHf4SlL8lxBofUuUmwBo0ljPk0Drz2TiuDW4jo3wDcv41qy/SxrJ+VAzJ/qYqsmzRw=="
    "resolved" "https://registry.npmmirror.com/ismobilejs/-/ismobilejs-1.1.1.tgz"
    "version" "1.1.1"
  
  "jsonc-parser@^3.2.0":
    "integrity" "sha512-gfFQZrcTc8CnKXp6Y4/CBT3fTc0OVuDofpre4aEeEpSBPV5X5v4+Vmx+8snU7RLPrNHPKSgLxGo9YuQzz20o+w=="
    "resolved" "https://registry.npmmirror.com/jsonc-parser/-/jsonc-parser-3.2.0.tgz"
    "version" "3.2.0"
  
  "jsonfile@^4.0.0":
    "integrity" "sha512-m6F1R3z8jjlf2imQHS2Qez5sjKWQzbuuhuJ/FKYFRZvPE3PuHcSMVZzfsLhGVOkfd20obL5SWEBew5ShlquNxg=="
    "resolved" "https://registry.npmmirror.com/jsonfile/-/jsonfile-4.0.0.tgz"
    "version" "4.0.0"
    optionalDependencies:
      "graceful-fs" "^4.1.6"
  
  "locate-path@^5.0.0":
    "integrity" "sha512-t7hw9pI+WvuwNJXwk5zVHpyhIqzg2qTlklJOf0mVxGSbe3Fp2VieZcduNYjaLDoy6p9uGpQEGWG87WpMKlNq8g=="
    "resolved" "https://registry.npmmirror.com/locate-path/-/locate-path-5.0.0.tgz"
    "version" "5.0.0"
    dependencies:
      "p-locate" "^4.1.0"
  
  "lodash@^4.17.14":
    "integrity" "sha512-v2kDEe57lecTulaDIuNTPy3Ry4gLGJ6Z1O3vE1krgXZNrsQ+LFTGHVxVjcXPs17LhbZVGedAJv8XZ1tvj5FvSg=="
    "resolved" "https://registry.npmmirror.com/lodash/-/lodash-4.17.21.tgz"
    "version" "4.17.21"
  
  "magic-string@^0.25.7":
    "integrity" "sha512-RmF0AsMzgt25qzqqLc1+MbHmhdx0ojF2Fvs4XnOqz2ZOBXzzkEwc/dJQZCYHAn7v1jbVOjAZfK8msRn4BxO4VQ=="
    "resolved" "https://registry.npmmirror.com/magic-string/-/magic-string-0.25.9.tgz"
    "version" "0.25.9"
    dependencies:
      "sourcemap-codec" "^1.4.8"
  
  "make-dir@^3.0.2":
    "integrity" "sha512-g3FeP20LNwhALb/6Cz6Dd4F2ngze0jz7tbzrD2wAV+o9FeNHe4rL+yK2md0J/fiSf1sa1ADhXqi5+oVwOM/eGw=="
    "resolved" "https://registry.npmmirror.com/make-dir/-/make-dir-3.1.0.tgz"
    "version" "3.1.0"
    dependencies:
      "semver" "^6.0.0"
  
  "mime-db@1.52.0":
    "integrity" "sha512-sPU4uV7dYlvtWJxwwxHD0PuihVNiE7TyAbQ5SWxDCB9mUYvOgroQOwYQQOKPJ8CIbE+1ETVlOoK1UC2nU3gYvg=="
    "resolved" "https://registry.npmmirror.com/mime-db/-/mime-db-1.52.0.tgz"
    "version" "1.52.0"
  
  "mime-types@^2.1.12":
    "integrity" "sha512-ZDY+bPm5zTTF+YpCrAU9nK0UgICYPT0QtT1NZWFv4s++TNkcgVaT0g6+4R2uI4MjQjzysHB1zxuWL50hzaeXiw=="
    "resolved" "https://registry.npmmirror.com/mime-types/-/mime-types-2.1.35.tgz"
    "version" "2.1.35"
    dependencies:
      "mime-db" "1.52.0"
  
  "minimatch@^3.1.1":
    "integrity" "sha512-J7p63hRiAjw1NDEww1W7i37+ByIrOWO5XQQAzZ3VOcL0PNybwpfmV/N05zFAzwQ9USyEcX6t3UO+K5aqBQOIHw=="
    "resolved" "https://registry.npmmirror.com/minimatch/-/minimatch-3.1.2.tgz"
    "version" "3.1.2"
    dependencies:
      "brace-expansion" "^1.1.7"
  
  "minisearch@^6.0.1":
    "integrity" "sha512-Ly1w0nHKnlhAAh6/BF/+9NgzXfoJxaJ8nhopFhQ3NcvFJrFIL+iCg9gw9e9UMBD+XIsp/RyznJ/o5UIe5Kw+kg=="
    "resolved" "https://registry.npmmirror.com/minisearch/-/minisearch-6.0.1.tgz"
    "version" "6.0.1"
  
  "nanoid@^3.3.4":
    "integrity" "sha512-BGcqMMJuToF7i1rt+2PWSNVnWIkGCU78jBG3RxO/bZlnZPK2Cmi2QaffxGO/2RvWi9sL+FAiRiXMgsyxQ1DIDA=="
    "resolved" "https://registry.npmmirror.com/nanoid/-/nanoid-3.3.6.tgz"
    "version" "3.3.6"
  
  "object-assign@^4.0.1":
    "integrity" "sha512-rJgTQnkUnH1sFw8yT6VSU3zD3sWmu6sZhIseY8VX+GRu3P6F7Fu+JNDoXfklElbLJSnc3FUQHVe4cU5hj+BcUg=="
    "resolved" "https://registry.npmmirror.com/object-assign/-/object-assign-4.1.1.tgz"
    "version" "4.1.1"
  
  "once@^1.3.0":
    "integrity" "sha512-lNaJgI+2Q5URQBkccEKHTQOPaXdUxnZZElQTZY0MFUAuaEqe1E+Nyvgdz/aIyNi6Z9MzO5dv1H8n58/GELp3+w=="
    "resolved" "https://registry.npmmirror.com/once/-/once-1.4.0.tgz"
    "version" "1.4.0"
    dependencies:
      "wrappy" "1"
  
  "p-limit@^2.2.0":
    "integrity" "sha512-//88mFWSJx8lxCzwdAABTJL2MyWB12+eIY7MDL2SqLmAkeKU9qxRvWuSyTjm3FUmpBEMuFfckAIqEaVGUDxb6w=="
    "resolved" "https://registry.npmmirror.com/p-limit/-/p-limit-2.3.0.tgz"
    "version" "2.3.0"
    dependencies:
      "p-try" "^2.0.0"
  
  "p-locate@^4.1.0":
    "integrity" "sha512-R79ZZ/0wAxKGu3oYMlz8jy/kbhsNrS7SKZ7PxEHBgJ5+F2mtFW2fK2cOtBh1cHYkQsbzFV7I+EoRKe6Yt0oK7A=="
    "resolved" "https://registry.npmmirror.com/p-locate/-/p-locate-4.1.0.tgz"
    "version" "4.1.0"
    dependencies:
      "p-limit" "^2.2.0"
  
  "p-try@^2.0.0":
    "integrity" "sha512-R4nPAVTAU0B9D35/Gk3uJf/7XYbQcyohSKdvAxIRSNghFl4e71hVoGnBNQz9cWaXxO2I10KTC+3jMdvvoKw6dQ=="
    "resolved" "https://registry.npmmirror.com/p-try/-/p-try-2.2.0.tgz"
    "version" "2.2.0"
  
  "path-exists@^4.0.0":
    "integrity" "sha512-ak9Qy5Q7jYb2Wwcey5Fpvg2KoAc/ZIhLSLOSBmRmygPsGwkVVt0fZa0qrtMz+m6tJTAHfZQ8FnmB4MG4LWy7/w=="
    "resolved" "https://registry.npmmirror.com/path-exists/-/path-exists-4.0.0.tgz"
    "version" "4.0.0"
  
  "path-is-absolute@^1.0.0":
    "integrity" "sha512-AVbw3UJ2e9bq64vSaS9Am0fje1Pa8pbGqTTsmXfaIiMpnr5DlDhfJOuLj9Sf95ZPVDAUerDfEk88MPmPe7UCQg=="
    "resolved" "https://registry.npmmirror.com/path-is-absolute/-/path-is-absolute-1.0.1.tgz"
    "version" "1.0.1"
  
  "path-parse@^1.0.7":
    "integrity" "sha512-LDJzPVEEEPR+y48z93A0Ed0yXb8pAByGWo/k5YYdYgpY2/2EsOsksJrq7lOHxryrVOn1ejG6oAp8ahvOIQD8sw=="
    "resolved" "https://registry.npmmirror.com/path-parse/-/path-parse-1.0.7.tgz"
    "version" "1.0.7"
  
  "picocolors@^1.0.0":
    "integrity" "sha512-1fygroTLlHu66zi26VoTDv8yRgm0Fccecssto+MhsZ0D/DGW2sm8E8AjW7NU5VVTRt5GxbeZ5qBuJr+HyLYkjQ=="
    "resolved" "https://registry.npmmirror.com/picocolors/-/picocolors-1.0.0.tgz"
    "version" "1.0.0"
  
  "pify@^2.0.0":
    "integrity" "sha512-udgsAY+fTnvv7kI7aaxbqwWNb0AHiB0qBO89PZKPkoTmGOgdbrHDKD+0B2X4uTfJ/FT1R09r9gTsjUjNJotuog=="
    "resolved" "https://registry.npmmirror.com/pify/-/pify-2.3.0.tgz"
    "version" "2.3.0"
  
  "pinkie-promise@^2.0.0":
    "integrity" "sha512-0Gni6D4UcLTbv9c57DfxDGdr41XfgUjqWZu492f0cIGr16zDU06BWP/RAEvOuo7CQ0CNjHaLlM59YJJFm3NWlw=="
    "resolved" "https://registry.npmmirror.com/pinkie-promise/-/pinkie-promise-2.0.1.tgz"
    "version" "2.0.1"
    dependencies:
      "pinkie" "^2.0.0"
  
  "pinkie@^2.0.0":
    "integrity" "sha512-MnUuEycAemtSaeFSjXKW/aroV7akBbY+Sv+RkyqFjgAe73F+MR0TBWKBRDkmfWq/HiFmdavfZ1G7h4SPZXaCSg=="
    "resolved" "https://registry.npmmirror.com/pinkie/-/pinkie-2.0.4.tgz"
    "version" "2.0.4"
  
  "pixi-live2d-display@^0.4.0":
    "integrity" "sha512-xeYC6y4Y0Bxe9ksWNlGFZC1rII/MPrzPQK7t1c3ubA8RhkOISIqHJl38fNumXqhGEs+yItmgDOkFT+9dsyGDjA=="
    "resolved" "https://registry.npmmirror.com/pixi-live2d-display/-/pixi-live2d-display-0.4.0.tgz"
    "version" "0.4.0"
    dependencies:
      "gh-pages" "^4.0.0"
  
  "pixi.js@^7.0.5":
    "integrity" "sha512-nBH60meoLnHxoMFz17HoMxXS4uJpG5jwIdL+Gx2S11TzWgP3iKF+/WLOTrkSdyuQoQSdIBxVqpnYii0Wiox15A=="
    "resolved" "https://registry.npmmirror.com/pixi.js/-/pixi.js-7.2.4.tgz"
    "version" "7.2.4"
    dependencies:
      "@pixi/accessibility" "7.2.4"
      "@pixi/app" "7.2.4"
      "@pixi/assets" "7.2.4"
      "@pixi/compressed-textures" "7.2.4"
      "@pixi/core" "7.2.4"
      "@pixi/display" "7.2.4"
      "@pixi/events" "7.2.4"
      "@pixi/extensions" "7.2.4"
      "@pixi/extract" "7.2.4"
      "@pixi/filter-alpha" "7.2.4"
      "@pixi/filter-blur" "7.2.4"
      "@pixi/filter-color-matrix" "7.2.4"
      "@pixi/filter-displacement" "7.2.4"
      "@pixi/filter-fxaa" "7.2.4"
      "@pixi/filter-noise" "7.2.4"
      "@pixi/graphics" "7.2.4"
      "@pixi/mesh" "7.2.4"
      "@pixi/mesh-extras" "7.2.4"
      "@pixi/mixin-cache-as-bitmap" "7.2.4"
      "@pixi/mixin-get-child-by-name" "7.2.4"
      "@pixi/mixin-get-global-position" "7.2.4"
      "@pixi/particle-container" "7.2.4"
      "@pixi/prepare" "7.2.4"
      "@pixi/sprite" "7.2.4"
      "@pixi/sprite-animated" "7.2.4"
      "@pixi/sprite-tiling" "7.2.4"
      "@pixi/spritesheet" "7.2.4"
      "@pixi/text" "7.2.4"
      "@pixi/text-bitmap" "7.2.4"
      "@pixi/text-html" "7.2.4"
  
  "pkg-dir@^4.1.0":
    "integrity" "sha512-HRDzbaKjC+AOWVXxAU/x54COGeIv9eb+6CkDSQoNTt4XyWoIJvuPsXizxu/Fr23EiekbtZwmh1IcIG/l/a10GQ=="
    "resolved" "https://registry.npmmirror.com/pkg-dir/-/pkg-dir-4.2.0.tgz"
    "version" "4.2.0"
    dependencies:
      "find-up" "^4.0.0"
  
  "postcss@^8.1.10", "postcss@^8.4.14", "postcss@^8.4.21":
    "integrity" "sha512-tP7u/Sn/dVxK2NnruI4H9BG+x+Wxz6oeZ1cJ8P6G/PZY0IKk4k/63TDsQf2kQq3+qoJeLm2kIBUNlZe3zgb4Zg=="
    "resolved" "https://registry.npmmirror.com/postcss/-/postcss-8.4.21.tgz"
    "version" "8.4.21"
    dependencies:
      "nanoid" "^3.3.4"
      "picocolors" "^1.0.0"
      "source-map-js" "^1.0.2"
  
  "preact@^10.0.0":
    "integrity" "sha512-q44QFLhOhty2Bd0Y46fnYW0gD/cbVM9dUVtNTDKPcdXSMA7jfY+Jpd6rk3GB0lcQss0z5s/6CmVP0Z/hV+g6pw=="
    "resolved" "https://registry.npmmirror.com/preact/-/preact-10.13.2.tgz"
    "version" "10.13.2"
  
  "proxy-from-env@^1.1.0":
    "integrity" "sha512-D+zkORCbA9f1tdWRK0RaCR3GPv50cMxcrz4X8k5LTSUD1Dkw47mKJEZQNunItRTkWwgtaUSo1RVFRIG9ZXiFYg=="
    "resolved" "https://registry.npmmirror.com/proxy-from-env/-/proxy-from-env-1.1.0.tgz"
    "version" "1.1.0"
  
  "punycode@1.3.2":
    "integrity" "sha512-RofWgt/7fL5wP1Y7fxE7/EmTLzQVnB0ycyibJ0OOHIlJqTNzglYFxVwETOcIoJqJmpDXJ9xImDv+Fq34F/d4Dw=="
    "resolved" "https://registry.npmmirror.com/punycode/-/punycode-1.3.2.tgz"
    "version" "1.3.2"
  
  "querystring@0.2.0":
    "integrity" "sha512-X/xY82scca2tau62i9mDyU9K+I+djTMUsvwf7xnUX5GLvVzgJybOJf4Y6o9Zx3oJK/LSXg5tTZBjwzqVPaPO2g=="
    "resolved" "https://registry.npmmirror.com/querystring/-/querystring-0.2.0.tgz"
    "version" "0.2.0"
  
  "resolve@^1.22.1":
    "integrity" "sha512-Sb+mjNHOULsBv818T40qSPeRiuWLyaGMa5ewydRLFimneixmVy2zdivRl+AF6jaYPC8ERxGDmFSiqui6SfPd+g=="
    "resolved" "https://registry.npmmirror.com/resolve/-/resolve-1.22.2.tgz"
    "version" "1.22.2"
    dependencies:
      "is-core-module" "^2.11.0"
      "path-parse" "^1.0.7"
      "supports-preserve-symlinks-flag" "^1.0.0"
  
  "rollup@^3.18.0":
    "integrity" "sha512-3zwkBQl7Ai7MFYQE0y1MeQ15+9jsi7XxfrqwTb/9EK8D9C9+//EBR4M+CuA1KODRaNbFez/lWxA5vhEGZp4MUg=="
    "resolved" "https://registry.npmmirror.com/rollup/-/rollup-3.20.2.tgz"
    "version" "3.20.2"
    optionalDependencies:
      "fsevents" "~2.3.2"
  
  "semver@^6.0.0":
    "integrity" "sha512-b39TBaTSfV6yBrapU89p5fKekE2m/NwnDocOVruQFS1/veMgdzuPcnOM34M6CwxW8jH/lxEa5rBoDeUwu5HHTw=="
    "resolved" "https://registry.npmmirror.com/semver/-/semver-6.3.0.tgz"
    "version" "6.3.0"
  
  "shiki@^0.14.1":
    "integrity" "sha512-+Jz4nBkCBe0mEDqo1eKRcCdjRtrCjozmcbTUjbPTX7OOJfEbTZzlUWlZtGe3Gb5oV1/jnojhG//YZc3rs9zSEw=="
    "resolved" "https://registry.npmmirror.com/shiki/-/shiki-0.14.1.tgz"
    "version" "0.14.1"
    dependencies:
      "ansi-sequence-parser" "^1.1.0"
      "jsonc-parser" "^3.2.0"
      "vscode-oniguruma" "^1.7.0"
      "vscode-textmate" "^8.0.0"
  
  "source-map-js@^1.0.2":
    "integrity" "sha512-R0XvVJ9WusLiqTCEiGCmICCMplcCkIwwR11mOSD9CR5u+IXYdiseeEuXCVAjS54zqwkLcPNnmU4OeJ6tUrWhDw=="
    "resolved" "https://registry.npmmirror.com/source-map-js/-/source-map-js-1.0.2.tgz"
    "version" "1.0.2"
  
  "source-map@^0.6.1":
    "integrity" "sha512-UjgapumWlbMhkBgzT7Ykc5YXUT46F0iKu8SGXq0bcwP5dz/h0Plj6enJqjz1Zbq2l5WaqYnrVbwWOWMyF3F47g=="
    "resolved" "https://registry.npmmirror.com/source-map/-/source-map-0.6.1.tgz"
    "version" "0.6.1"
  
  "sourcemap-codec@^1.4.8":
    "integrity" "sha512-9NykojV5Uih4lgo5So5dtw+f0JgJX30KCNI8gwhz2J9A15wD0Ml6tjHKwf6fTSa6fAdVBdZeNOs9eJ71qCk8vA=="
    "resolved" "https://registry.npmmirror.com/sourcemap-codec/-/sourcemap-codec-1.4.8.tgz"
    "version" "1.4.8"
  
  "strip-outer@^1.0.1":
    "integrity" "sha512-k55yxKHwaXnpYGsOzg4Vl8+tDrWylxDEpknGjhTiZB8dFRU5rTo9CAzeycivxV3s+zlTKwrs6WxMxR95n26kwg=="
    "resolved" "https://registry.npmmirror.com/strip-outer/-/strip-outer-1.0.1.tgz"
    "version" "1.0.1"
    dependencies:
      "escape-string-regexp" "^1.0.2"
  
  "supports-preserve-symlinks-flag@^1.0.0":
    "integrity" "sha512-ot0WnXS9fgdkgIcePe6RHNk1WA8+muPa6cSjeR3V8K27q9BB1rTE3R1p7Hv0z1ZyAc8s6Vvv8DIyWf681MAt0w=="
    "resolved" "https://registry.npmmirror.com/supports-preserve-symlinks-flag/-/supports-preserve-symlinks-flag-1.0.0.tgz"
    "version" "1.0.0"
  
  "trim-repeated@^1.0.0":
    "integrity" "sha512-pkonvlKk8/ZuR0D5tLW8ljt5I8kmxp2XKymhepUeOdCEfKpZaktSArkLHZt76OB1ZvO9bssUsDty4SWhLvZpLg=="
    "resolved" "https://registry.npmmirror.com/trim-repeated/-/trim-repeated-1.0.0.tgz"
    "version" "1.0.0"
    dependencies:
      "escape-string-regexp" "^1.0.2"
  
  "universalify@^0.1.0":
    "integrity" "sha512-rBJeI5CXAlmy1pV+617WB9J63U6XcazHHF2f2dbJix4XzpUF0RS3Zbj0FGIOCAva5P/d/GBOYaACQ1w+0azUkg=="
    "resolved" "https://registry.npmmirror.com/universalify/-/universalify-0.1.2.tgz"
    "version" "0.1.2"
  
  "url@^0.11.0":
    "integrity" "sha512-kbailJa29QrtXnxgq+DdCEGlbTeYM2eJUxsz6vjZavrCYPMIFHMKQmSKYAIuUK2i7hgPm28a8piX5NTUtM/LKQ=="
    "resolved" "https://registry.npmmirror.com/url/-/url-0.11.0.tgz"
    "version" "0.11.0"
    dependencies:
      "punycode" "1.3.2"
      "querystring" "0.2.0"
  
  "vite@^4.0.0", "vite@^4.2.1":
    "integrity" "sha512-7MKhqdy0ISo4wnvwtqZkjke6XN4taqQ2TBaTccLIpOKv7Vp2h4Y+NpmWCnGDeSvvn45KxvWgGyb0MkHvY1vgbg=="
    "resolved" "https://registry.npmmirror.com/vite/-/vite-4.2.1.tgz"
    "version" "4.2.1"
    dependencies:
      "esbuild" "^0.17.5"
      "postcss" "^8.4.21"
      "resolve" "^1.22.1"
      "rollup" "^3.18.0"
    optionalDependencies:
      "fsevents" "~2.3.2"
  
  "vitepress@^1.0.0-alpha.65":
    "integrity" "sha512-iGWC0AQC6WrfRZTJf5+TiGG4o8PLhqIJNyai8NVxZCY9YpmMJhddvQeqqjJdQniF/LQK/hQ5nQZ9HgSZDGRPGQ=="
    "resolved" "https://registry.npmmirror.com/vitepress/-/vitepress-1.0.0-alpha.65.tgz"
    "version" "1.0.0-alpha.65"
    dependencies:
      "@docsearch/css" "^3.3.3"
      "@docsearch/js" "^3.3.3"
      "@vitejs/plugin-vue" "^4.1.0"
      "@vue/devtools-api" "^6.5.0"
      "@vueuse/core" "^9.13.0"
      "body-scroll-lock" "4.0.0-beta.0"
      "shiki" "^0.14.1"
      "vite" "^4.2.1"
      "vue" "^3.2.47"
  
  "vscode-oniguruma@^1.7.0":
    "integrity" "sha512-L9WMGRfrjOhgHSdOYgCt/yRMsXzLDJSL7BPrOZt73gU0iWO4mpqzqQzOz5srxqTvMBaR0XZTSrVWo4j55Rc6cA=="
    "resolved" "https://registry.npmmirror.com/vscode-oniguruma/-/vscode-oniguruma-1.7.0.tgz"
    "version" "1.7.0"
  
  "vscode-textmate@^8.0.0":
    "integrity" "sha512-AFbieoL7a5LMqcnOF04ji+rpXadgOXnZsxQr//r83kLPr7biP7am3g9zbaZIaBGwBRWeSvoMD4mgPdX3e4NWBg=="
    "resolved" "https://registry.npmmirror.com/vscode-textmate/-/vscode-textmate-8.0.0.tgz"
    "version" "8.0.0"
  
  "vue-demi@*":
    "integrity" "sha512-IR8HoEEGM65YY3ZJYAjMlKygDQn25D5ajNFNoKh9RSDMQtlzCxtfQjdQgv9jjK+m3377SsJXY8ysq8kLCZL25A=="
    "resolved" "https://registry.npmmirror.com/vue-demi/-/vue-demi-0.13.11.tgz"
    "version" "0.13.11"
  
  "vue-live2d@^1.3.1":
    "integrity" "sha512-CWi495jWERVm9E/l9e7duLCuPsvJdPqKrY9XAStWpk7Uixrs5GwqA3qvfQGihfwrfRLthaRVoZDW3+ZZJ5O2RQ=="
    "resolved" "https://registry.npmmirror.com/vue-live2d/-/vue-live2d-1.3.1.tgz"
    "version" "1.3.1"
    dependencies:
      "core-js" "^3.6.5"
      "vue" "^2.6.11"
  
  "vue@^2.6.11":
    "integrity" "sha512-b2qkFyOM0kwqWFuQmgd4o+uHGU7T+2z3T+WQp8UBjADfEv2n4FEMffzBmCKNP0IGzOEEfYjvtcC62xaSKeQDrQ=="
    "resolved" "https://registry.npmmirror.com/vue/-/vue-2.7.14.tgz"
    "version" "2.7.14"
    dependencies:
      "@vue/compiler-sfc" "2.7.14"
      "csstype" "^3.1.0"
  
  "vue@^3.0.0-0 || ^2.6.0", "vue@^3.2.25", "vue@^3.2.47", "vue@3.2.47":
    "integrity" "sha512-60188y/9Dc9WVrAZeUVSDxRQOZ+z+y5nO2ts9jWXSTkMvayiWxCWOWtBQoYjLeccfXkiiPZWAHcV+WTPhkqJHQ=="
    "resolved" "https://registry.npmmirror.com/vue/-/vue-3.2.47.tgz"
    "version" "3.2.47"
    dependencies:
      "@vue/compiler-dom" "3.2.47"
      "@vue/compiler-sfc" "3.2.47"
      "@vue/runtime-dom" "3.2.47"
      "@vue/server-renderer" "3.2.47"
      "@vue/shared" "3.2.47"
  
  "wrappy@1":
    "integrity" "sha512-l4Sp/DRseor9wL6EvV2+TuQn63dMkPjZ/sp9XkghTEbV9KlPS1xUsZ3u7/IQO4wxtcFB4bgpQPRcR3QCvezPcQ=="
    "resolved" "https://registry.npmmirror.com/wrappy/-/wrappy-1.0.2.tgz"
    "version" "1.0.2"
